2020-05-18, 03:18:30
Lee : DESKTOP-4BKK0A5 (b27c4fa10c08507368dc297e12a04293187ed125)
Windows 10  (10.0.0) 64bit
4 Intel(R) Core(TM) i5-7300HQ CPU @ 2.50GHz, 8077MB
NVIDIA GeForce GTX 1050

2020-05-18, 03:25:14
Lee : DESKTOP-4BKK0A5 (b27c4fa10c08507368dc297e12a04293187ed125)
Windows 10  (10.0.0) 64bit
4 Intel(R) Core(TM) i5-7300HQ CPU @ 2.50GHz, 8077MB
NVIDIA GeForce GTX 1050

2020-05-18, 03:26:55
Lee : DESKTOP-4BKK0A5 (b27c4fa10c08507368dc297e12a04293187ed125)
Windows 10  (10.0.0) 64bit
4 Intel(R) Core(TM) i5-7300HQ CPU @ 2.50GHz, 8077MB
NVIDIA GeForce GTX 1050

2020-05-18, 03:38:19
Lee : DESKTOP-4BKK0A5 (b27c4fa10c08507368dc297e12a04293187ed125)
Windows 10  (10.0.0) 64bit
4 Intel(R) Core(TM) i5-7300HQ CPU @ 2.50GHz, 8077MB
NVIDIA GeForce GTX 1050

2020-05-18, 03:39:22
Lee : DESKTOP-4BKK0A5 (b27c4fa10c08507368dc297e12a04293187ed125)
Windows 10  (10.0.0) 64bit
4 Intel(R) Core(TM) i5-7300HQ CPU @ 2.50GHz, 8077MB
NVIDIA GeForce GTX 1050

2020-05-18, 03:42:35
Lee : DESKTOP-4BKK0A5 (b27c4fa10c08507368dc297e12a04293187ed125)
Windows 10  (10.0.0) 64bit
4 Intel(R) Core(TM) i5-7300HQ CPU @ 2.50GHz, 8077MB
NVIDIA GeForce GTX 1050

2020-05-18, 03:43:16
Lee : DESKTOP-4BKK0A5 (b27c4fa10c08507368dc297e12a04293187ed125)
Windows 10  (10.0.0) 64bit
4 Intel(R) Core(TM) i5-7300HQ CPU @ 2.50GHz, 8077MB
NVIDIA GeForce GTX 1050

2020-05-18, 03:43:46
Lee : DESKTOP-4BKK0A5 (b27c4fa10c08507368dc297e12a04293187ed125)
Windows 10  (10.0.0) 64bit
4 Intel(R) Core(TM) i5-7300HQ CPU @ 2.50GHz, 8077MB
NVIDIA GeForce GTX 1050

2020-05-18, 03:45:24
Lee : DESKTOP-4BKK0A5 (b27c4fa10c08507368dc297e12a04293187ed125)
Windows 10  (10.0.0) 64bit
4 Intel(R) Core(TM) i5-7300HQ CPU @ 2.50GHz, 8077MB
NVIDIA GeForce GTX 1050

2020-05-18, 03:58:54
Lee : DESKTOP-4BKK0A5 (b27c4fa10c08507368dc297e12a04293187ed125)
Windows 10  (10.0.0) 64bit
4 Intel(R) Core(TM) i5-7300HQ CPU @ 2.50GHz, 8077MB
NVIDIA GeForce GTX 1050

2020-05-18, 04:00:18
Lee : DESKTOP-4BKK0A5 (b27c4fa10c08507368dc297e12a04293187ed125)
Windows 10  (10.0.0) 64bit
4 Intel(R) Core(TM) i5-7300HQ CPU @ 2.50GHz, 8077MB
NVIDIA GeForce GTX 1050

2020-05-18, 04:00:32
Lee : DESKTOP-4BKK0A5 (b27c4fa10c08507368dc297e12a04293187ed125)
Windows 10  (10.0.0) 64bit
4 Intel(R) Core(TM) i5-7300HQ CPU @ 2.50GHz, 8077MB
NVIDIA GeForce GTX 1050

2020-05-18, 05:06:24
Lee : DESKTOP-4BKK0A5 (b27c4fa10c08507368dc297e12a04293187ed125)
Windows 10  (10.0.0) 64bit
4 Intel(R) Core(TM) i5-7300HQ CPU @ 2.50GHz, 8077MB
NVIDIA GeForce GTX 1050

2020-05-18, 05:06:55
Lee : DESKTOP-4BKK0A5 (b27c4fa10c08507368dc297e12a04293187ed125)
Windows 10  (10.0.0) 64bit
4 Intel(R) Core(TM) i5-7300HQ CPU @ 2.50GHz, 8077MB
NVIDIA GeForce GTX 1050

2020-05-18, 05:09:47
Lee : DESKTOP-4BKK0A5 (b27c4fa10c08507368dc297e12a04293187ed125)
Windows 10  (10.0.0) 64bit
4 Intel(R) Core(TM) i5-7300HQ CPU @ 2.50GHz, 8077MB
NVIDIA GeForce GTX 1050

2020-05-18, 05:11:09
Lee : DESKTOP-4BKK0A5 (b27c4fa10c08507368dc297e12a04293187ed125)
Windows 10  (10.0.0) 64bit
4 Intel(R) Core(TM) i5-7300HQ CPU @ 2.50GHz, 8077MB
NVIDIA GeForce GTX 1050

2020-05-18, 05:12:18
Lee : DESKTOP-4BKK0A5 (b27c4fa10c08507368dc297e12a04293187ed125)
Windows 10  (10.0.0) 64bit
4 Intel(R) Core(TM) i5-7300HQ CPU @ 2.50GHz, 8077MB
NVIDIA GeForce GTX 1050

2020-05-18, 05:12:44
Lee : DESKTOP-4BKK0A5 (b27c4fa10c08507368dc297e12a04293187ed125)
Windows 10  (10.0.0) 64bit
4 Intel(R) Core(TM) i5-7300HQ CPU @ 2.50GHz, 8077MB
NVIDIA GeForce GTX 1050

2020-05-18, 05:13:32
Lee : DESKTOP-4BKK0A5 (b27c4fa10c08507368dc297e12a04293187ed125)
Windows 10  (10.0.0) 64bit
4 Intel(R) Core(TM) i5-7300HQ CPU @ 2.50GHz, 8077MB
NVIDIA GeForce GTX 1050

2020-05-18, 05:13:44
Lee : DESKTOP-4BKK0A5 (b27c4fa10c08507368dc297e12a04293187ed125)
Windows 10  (10.0.0) 64bit
4 Intel(R) Core(TM) i5-7300HQ CPU @ 2.50GHz, 8077MB
NVIDIA GeForce GTX 1050

2020-05-18, 05:14:01
Lee : DESKTOP-4BKK0A5 (b27c4fa10c08507368dc297e12a04293187ed125)
Windows 10  (10.0.0) 64bit
4 Intel(R) Core(TM) i5-7300HQ CPU @ 2.50GHz, 8077MB
NVIDIA GeForce GTX 1050

2020-05-18, 05:15:08
Lee : DESKTOP-4BKK0A5 (b27c4fa10c08507368dc297e12a04293187ed125)
Windows 10  (10.0.0) 64bit
4 Intel(R) Core(TM) i5-7300HQ CPU @ 2.50GHz, 8077MB
NVIDIA GeForce GTX 1050

2020-05-18, 05:16:39
Lee : DESKTOP-4BKK0A5 (b27c4fa10c08507368dc297e12a04293187ed125)
Windows 10  (10.0.0) 64bit
4 Intel(R) Core(TM) i5-7300HQ CPU @ 2.50GHz, 8077MB
NVIDIA GeForce GTX 1050

2020-05-18, 05:17:51
Lee : DESKTOP-4BKK0A5 (b27c4fa10c08507368dc297e12a04293187ed125)
Windows 10  (10.0.0) 64bit
4 Intel(R) Core(TM) i5-7300HQ CPU @ 2.50GHz, 8077MB
NVIDIA GeForce GTX 1050

2020-05-18, 05:19:54
Lee : DESKTOP-4BKK0A5 (b27c4fa10c08507368dc297e12a04293187ed125)
Windows 10  (10.0.0) 64bit
4 Intel(R) Core(TM) i5-7300HQ CPU @ 2.50GHz, 8077MB
NVIDIA GeForce GTX 1050

2020-05-18, 05:20:32
Lee : DESKTOP-4BKK0A5 (b27c4fa10c08507368dc297e12a04293187ed125)
Windows 10  (10.0.0) 64bit
4 Intel(R) Core(TM) i5-7300HQ CPU @ 2.50GHz, 8077MB
NVIDIA GeForce GTX 1050

2020-05-18, 05:21:05
Lee : DESKTOP-4BKK0A5 (b27c4fa10c08507368dc297e12a04293187ed125)
Windows 10  (10.0.0) 64bit
4 Intel(R) Core(TM) i5-7300HQ CPU @ 2.50GHz, 8077MB
NVIDIA GeForce GTX 1050

2020-05-18, 05:21:34
Lee : DESKTOP-4BKK0A5 (b27c4fa10c08507368dc297e12a04293187ed125)
Windows 10  (10.0.0) 64bit
4 Intel(R) Core(TM) i5-7300HQ CPU @ 2.50GHz, 8077MB
NVIDIA GeForce GTX 1050

2020-05-18, 05:21:57
Lee : DESKTOP-4BKK0A5 (b27c4fa10c08507368dc297e12a04293187ed125)
Windows 10  (10.0.0) 64bit
4 Intel(R) Core(TM) i5-7300HQ CPU @ 2.50GHz, 8077MB
NVIDIA GeForce GTX 1050

2020-05-18, 05:22:15
Lee : DESKTOP-4BKK0A5 (b27c4fa10c08507368dc297e12a04293187ed125)
Windows 10  (10.0.0) 64bit
4 Intel(R) Core(TM) i5-7300HQ CPU @ 2.50GHz, 8077MB
NVIDIA GeForce GTX 1050

2020-05-18, 05:25:49
Lee : DESKTOP-4BKK0A5 (b27c4fa10c08507368dc297e12a04293187ed125)
Windows 10  (10.0.0) 64bit
4 Intel(R) Core(TM) i5-7300HQ CPU @ 2.50GHz, 8077MB
NVIDIA GeForce GTX 1050

2020-05-18, 05:27:08
Lee : DESKTOP-4BKK0A5 (b27c4fa10c08507368dc297e12a04293187ed125)
Windows 10  (10.0.0) 64bit
4 Intel(R) Core(TM) i5-7300HQ CPU @ 2.50GHz, 8077MB
NVIDIA GeForce GTX 1050

2020-05-18, 05:27:25
Lee : DESKTOP-4BKK0A5 (b27c4fa10c08507368dc297e12a04293187ed125)
Windows 10  (10.0.0) 64bit
4 Intel(R) Core(TM) i5-7300HQ CPU @ 2.50GHz, 8077MB
NVIDIA GeForce GTX 1050

2020-05-18, 05:27:53
Lee : DESKTOP-4BKK0A5 (b27c4fa10c08507368dc297e12a04293187ed125)
Windows 10  (10.0.0) 64bit
4 Intel(R) Core(TM) i5-7300HQ CPU @ 2.50GHz, 8077MB
NVIDIA GeForce GTX 1050

2020-05-18, 05:36:50
Lee : DESKTOP-4BKK0A5 (b27c4fa10c08507368dc297e12a04293187ed125)
Windows 10  (10.0.0) 64bit
4 Intel(R) Core(TM) i5-7300HQ CPU @ 2.50GHz, 8077MB
NVIDIA GeForce GTX 1050

2020-05-18, 05:37:23
Lee : DESKTOP-4BKK0A5 (b27c4fa10c08507368dc297e12a04293187ed125)
Windows 10  (10.0.0) 64bit
4 Intel(R) Core(TM) i5-7300HQ CPU @ 2.50GHz, 8077MB
NVIDIA GeForce GTX 1050

2020-05-18, 05:37:42
Lee : DESKTOP-4BKK0A5 (b27c4fa10c08507368dc297e12a04293187ed125)
Windows 10  (10.0.0) 64bit
4 Intel(R) Core(TM) i5-7300HQ CPU @ 2.50GHz, 8077MB
NVIDIA GeForce GTX 1050

2020-05-18, 05:38:17
Lee : DESKTOP-4BKK0A5 (b27c4fa10c08507368dc297e12a04293187ed125)
Windows 10  (10.0.0) 64bit
4 Intel(R) Core(TM) i5-7300HQ CPU @ 2.50GHz, 8077MB
NVIDIA GeForce GTX 1050

2020-05-18, 05:39:37
Lee : DESKTOP-4BKK0A5 (b27c4fa10c08507368dc297e12a04293187ed125)
Windows 10  (10.0.0) 64bit
4 Intel(R) Core(TM) i5-7300HQ CPU @ 2.50GHz, 8077MB
NVIDIA GeForce GTX 1050

2020-05-18, 05:40:24
Lee : DESKTOP-4BKK0A5 (b27c4fa10c08507368dc297e12a04293187ed125)
Windows 10  (10.0.0) 64bit
4 Intel(R) Core(TM) i5-7300HQ CPU @ 2.50GHz, 8077MB
NVIDIA GeForce GTX 1050

2020-05-18, 05:40:51
Lee : DESKTOP-4BKK0A5 (b27c4fa10c08507368dc297e12a04293187ed125)
Windows 10  (10.0.0) 64bit
4 Intel(R) Core(TM) i5-7300HQ CPU @ 2.50GHz, 8077MB
NVIDIA GeForce GTX 1050

2020-05-18, 05:41:12
Lee : DESKTOP-4BKK0A5 (b27c4fa10c08507368dc297e12a04293187ed125)
Windows 10  (10.0.0) 64bit
4 Intel(R) Core(TM) i5-7300HQ CPU @ 2.50GHz, 8077MB
NVIDIA GeForce GTX 1050

2020-05-18, 05:42:04
Lee : DESKTOP-4BKK0A5 (b27c4fa10c08507368dc297e12a04293187ed125)
Windows 10  (10.0.0) 64bit
4 Intel(R) Core(TM) i5-7300HQ CPU @ 2.50GHz, 8077MB
NVIDIA GeForce GTX 1050

2020-05-18, 05:42:17
Lee : DESKTOP-4BKK0A5 (b27c4fa10c08507368dc297e12a04293187ed125)
Windows 10  (10.0.0) 64bit
4 Intel(R) Core(TM) i5-7300HQ CPU @ 2.50GHz, 8077MB
NVIDIA GeForce GTX 1050

2020-05-18, 05:43:49
Lee : DESKTOP-4BKK0A5 (b27c4fa10c08507368dc297e12a04293187ed125)
Windows 10  (10.0.0) 64bit
4 Intel(R) Core(TM) i5-7300HQ CPU @ 2.50GHz, 8077MB
NVIDIA GeForce GTX 1050

2020-05-18, 05:44:44
Lee : DESKTOP-4BKK0A5 (b27c4fa10c08507368dc297e12a04293187ed125)
Windows 10  (10.0.0) 64bit
4 Intel(R) Core(TM) i5-7300HQ CPU @ 2.50GHz, 8077MB
NVIDIA GeForce GTX 1050

2020-05-18, 05:45:01
Lee : DESKTOP-4BKK0A5 (b27c4fa10c08507368dc297e12a04293187ed125)
Windows 10  (10.0.0) 64bit
4 Intel(R) Core(TM) i5-7300HQ CPU @ 2.50GHz, 8077MB
NVIDIA GeForce GTX 1050

2020-05-18, 05:48:30
Lee : DESKTOP-4BKK0A5 (b27c4fa10c08507368dc297e12a04293187ed125)
Windows 10  (10.0.0) 64bit
4 Intel(R) Core(TM) i5-7300HQ CPU @ 2.50GHz, 8077MB
NVIDIA GeForce GTX 1050

2020-05-18, 05:49:21
Lee : DESKTOP-4BKK0A5 (b27c4fa10c08507368dc297e12a04293187ed125)
Windows 10  (10.0.0) 64bit
4 Intel(R) Core(TM) i5-7300HQ CPU @ 2.50GHz, 8077MB
NVIDIA GeForce GTX 1050

2020-05-18, 05:49:50
Lee : DESKTOP-4BKK0A5 (b27c4fa10c08507368dc297e12a04293187ed125)
Windows 10  (10.0.0) 64bit
4 Intel(R) Core(TM) i5-7300HQ CPU @ 2.50GHz, 8077MB
NVIDIA GeForce GTX 1050

2020-05-18, 05:50:06
Lee : DESKTOP-4BKK0A5 (b27c4fa10c08507368dc297e12a04293187ed125)
Windows 10  (10.0.0) 64bit
4 Intel(R) Core(TM) i5-7300HQ CPU @ 2.50GHz, 8077MB
NVIDIA GeForce GTX 1050

2020-05-18, 05:50:27
Lee : DESKTOP-4BKK0A5 (b27c4fa10c08507368dc297e12a04293187ed125)
Windows 10  (10.0.0) 64bit
4 Intel(R) Core(TM) i5-7300HQ CPU @ 2.50GHz, 8077MB
NVIDIA GeForce GTX 1050

2020-05-18, 05:52:37
Lee : DESKTOP-4BKK0A5 (b27c4fa10c08507368dc297e12a04293187ed125)
Windows 10  (10.0.0) 64bit
4 Intel(R) Core(TM) i5-7300HQ CPU @ 2.50GHz, 8077MB
NVIDIA GeForce GTX 1050

2020-05-18, 05:55:24
Lee : DESKTOP-4BKK0A5 (b27c4fa10c08507368dc297e12a04293187ed125)
Windows 10  (10.0.0) 64bit
4 Intel(R) Core(TM) i5-7300HQ CPU @ 2.50GHz, 8077MB
NVIDIA GeForce GTX 1050

2020-05-18, 05:55:43
Lee : DESKTOP-4BKK0A5 (b27c4fa10c08507368dc297e12a04293187ed125)
Windows 10  (10.0.0) 64bit
4 Intel(R) Core(TM) i5-7300HQ CPU @ 2.50GHz, 8077MB
NVIDIA GeForce GTX 1050

2020-05-18, 05:58:43
Lee : DESKTOP-4BKK0A5 (b27c4fa10c08507368dc297e12a04293187ed125)
Windows 10  (10.0.0) 64bit
4 Intel(R) Core(TM) i5-7300HQ CPU @ 2.50GHz, 8077MB
NVIDIA GeForce GTX 1050

2020-05-18, 05:58:49
Lee : DESKTOP-4BKK0A5 (b27c4fa10c08507368dc297e12a04293187ed125)
Windows 10  (10.0.0) 64bit
4 Intel(R) Core(TM) i5-7300HQ CPU @ 2.50GHz, 8077MB
NVIDIA GeForce GTX 1050

2020-05-18, 06:00:29
Lee : DESKTOP-4BKK0A5 (b27c4fa10c08507368dc297e12a04293187ed125)
Windows 10  (10.0.0) 64bit
4 Intel(R) Core(TM) i5-7300HQ CPU @ 2.50GHz, 8077MB
NVIDIA GeForce GTX 1050

2020-05-18, 06:02:48
Lee : DESKTOP-4BKK0A5 (b27c4fa10c08507368dc297e12a04293187ed125)
Windows 10  (10.0.0) 64bit
4 Intel(R) Core(TM) i5-7300HQ CPU @ 2.50GHz, 8077MB
NVIDIA GeForce GTX 1050

2020-05-18, 06:02:57
Lee : DESKTOP-4BKK0A5 (b27c4fa10c08507368dc297e12a04293187ed125)
Windows 10  (10.0.0) 64bit
4 Intel(R) Core(TM) i5-7300HQ CPU @ 2.50GHz, 8077MB
NVIDIA GeForce GTX 1050

2020-05-19, 03:42:07
Lee : DESKTOP-4BKK0A5 (b27c4fa10c08507368dc297e12a04293187ed125)
Windows 10  (10.0.0) 64bit
4 Intel(R) Core(TM) i5-7300HQ CPU @ 2.50GHz, 8077MB
NVIDIA GeForce GTX 1050

2020-05-19, 03:42:55
Lee : DESKTOP-4BKK0A5 (b27c4fa10c08507368dc297e12a04293187ed125)
Windows 10  (10.0.0) 64bit
4 Intel(R) Core(TM) i5-7300HQ CPU @ 2.50GHz, 8077MB
NVIDIA GeForce GTX 1050

2020-05-19, 03:44:27
Lee : DESKTOP-4BKK0A5 (b27c4fa10c08507368dc297e12a04293187ed125)
Windows 10  (10.0.0) 64bit
4 Intel(R) Core(TM) i5-7300HQ CPU @ 2.50GHz, 8077MB
NVIDIA GeForce GTX 1050

2020-05-19, 03:45:18
Lee : DESKTOP-4BKK0A5 (b27c4fa10c08507368dc297e12a04293187ed125)
Windows 10  (10.0.0) 64bit
4 Intel(R) Core(TM) i5-7300HQ CPU @ 2.50GHz, 8077MB
NVIDIA GeForce GTX 1050

2020-05-19, 03:45:52
Lee : DESKTOP-4BKK0A5 (b27c4fa10c08507368dc297e12a04293187ed125)
Windows 10  (10.0.0) 64bit
4 Intel(R) Core(TM) i5-7300HQ CPU @ 2.50GHz, 8077MB
NVIDIA GeForce GTX 1050

2020-05-19, 03:46:34
Lee : DESKTOP-4BKK0A5 (b27c4fa10c08507368dc297e12a04293187ed125)
Windows 10  (10.0.0) 64bit
4 Intel(R) Core(TM) i5-7300HQ CPU @ 2.50GHz, 8077MB
NVIDIA GeForce GTX 1050

2020-05-19, 03:47:16
Lee : DESKTOP-4BKK0A5 (b27c4fa10c08507368dc297e12a04293187ed125)
Windows 10  (10.0.0) 64bit
4 Intel(R) Core(TM) i5-7300HQ CPU @ 2.50GHz, 8077MB
NVIDIA GeForce GTX 1050

2020-05-19, 03:52:19
Lee : DESKTOP-4BKK0A5 (b27c4fa10c08507368dc297e12a04293187ed125)
Windows 10  (10.0.0) 64bit
4 Intel(R) Core(TM) i5-7300HQ CPU @ 2.50GHz, 8077MB
NVIDIA GeForce GTX 1050

2020-05-19, 03:52:43
Lee : DESKTOP-4BKK0A5 (b27c4fa10c08507368dc297e12a04293187ed125)
Windows 10  (10.0.0) 64bit
4 Intel(R) Core(TM) i5-7300HQ CPU @ 2.50GHz, 8077MB
NVIDIA GeForce GTX 1050

2020-05-19, 03:53:15
Lee : DESKTOP-4BKK0A5 (b27c4fa10c08507368dc297e12a04293187ed125)
Windows 10  (10.0.0) 64bit
4 Intel(R) Core(TM) i5-7300HQ CPU @ 2.50GHz, 8077MB
NVIDIA GeForce GTX 1050

2020-05-19, 03:54:08
Lee : DESKTOP-4BKK0A5 (b27c4fa10c08507368dc297e12a04293187ed125)
Windows 10  (10.0.0) 64bit
4 Intel(R) Core(TM) i5-7300HQ CPU @ 2.50GHz, 8077MB
NVIDIA GeForce GTX 1050

2020-05-19, 03:54:52
Lee : DESKTOP-4BKK0A5 (b27c4fa10c08507368dc297e12a04293187ed125)
Windows 10  (10.0.0) 64bit
4 Intel(R) Core(TM) i5-7300HQ CPU @ 2.50GHz, 8077MB
NVIDIA GeForce GTX 1050

2020-05-19, 04:10:28
Lee : DESKTOP-4BKK0A5 (b27c4fa10c08507368dc297e12a04293187ed125)
Windows 10  (10.0.0) 64bit
4 Intel(R) Core(TM) i5-7300HQ CPU @ 2.50GHz, 8077MB
NVIDIA GeForce GTX 1050

2020-05-19, 04:11:50
Lee : DESKTOP-4BKK0A5 (b27c4fa10c08507368dc297e12a04293187ed125)
Windows 10  (10.0.0) 64bit
4 Intel(R) Core(TM) i5-7300HQ CPU @ 2.50GHz, 8077MB
NVIDIA GeForce GTX 1050

2020-05-19, 04:12:29
Lee : DESKTOP-4BKK0A5 (b27c4fa10c08507368dc297e12a04293187ed125)
Windows 10  (10.0.0) 64bit
4 Intel(R) Core(TM) i5-7300HQ CPU @ 2.50GHz, 8077MB
NVIDIA GeForce GTX 1050

2020-05-19, 04:12:58
Lee : DESKTOP-4BKK0A5 (b27c4fa10c08507368dc297e12a04293187ed125)
Windows 10  (10.0.0) 64bit
4 Intel(R) Core(TM) i5-7300HQ CPU @ 2.50GHz, 8077MB
NVIDIA GeForce GTX 1050

2020-05-19, 04:13:06
Lee : DESKTOP-4BKK0A5 (b27c4fa10c08507368dc297e12a04293187ed125)
Windows 10  (10.0.0) 64bit
4 Intel(R) Core(TM) i5-7300HQ CPU @ 2.50GHz, 8077MB
NVIDIA GeForce GTX 1050

2020-05-19, 04:13:41
Lee : DESKTOP-4BKK0A5 (b27c4fa10c08507368dc297e12a04293187ed125)
Windows 10  (10.0.0) 64bit
4 Intel(R) Core(TM) i5-7300HQ CPU @ 2.50GHz, 8077MB
NVIDIA GeForce GTX 1050

2020-05-19, 04:16:44
Lee : DESKTOP-4BKK0A5 (b27c4fa10c08507368dc297e12a04293187ed125)
Windows 10  (10.0.0) 64bit
4 Intel(R) Core(TM) i5-7300HQ CPU @ 2.50GHz, 8077MB
NVIDIA GeForce GTX 1050

2020-05-19, 04:16:48
Lee : DESKTOP-4BKK0A5 (b27c4fa10c08507368dc297e12a04293187ed125)
Windows 10  (10.0.0) 64bit
4 Intel(R) Core(TM) i5-7300HQ CPU @ 2.50GHz, 8077MB
NVIDIA GeForce GTX 1050

2020-05-19, 04:22:03
Lee : DESKTOP-4BKK0A5 (b27c4fa10c08507368dc297e12a04293187ed125)
Windows 10  (10.0.0) 64bit
4 Intel(R) Core(TM) i5-7300HQ CPU @ 2.50GHz, 8077MB
NVIDIA GeForce GTX 1050

2020-05-19, 04:22:47
Lee : DESKTOP-4BKK0A5 (b27c4fa10c08507368dc297e12a04293187ed125)
Windows 10  (10.0.0) 64bit
4 Intel(R) Core(TM) i5-7300HQ CPU @ 2.50GHz, 8077MB
NVIDIA GeForce GTX 1050

2020-05-19, 04:23:36
Lee : DESKTOP-4BKK0A5 (b27c4fa10c08507368dc297e12a04293187ed125)
Windows 10  (10.0.0) 64bit
4 Intel(R) Core(TM) i5-7300HQ CPU @ 2.50GHz, 8077MB
NVIDIA GeForce GTX 1050

2020-05-19, 04:30:46
Lee : DESKTOP-4BKK0A5 (b27c4fa10c08507368dc297e12a04293187ed125)
Windows 10  (10.0.0) 64bit
4 Intel(R) Core(TM) i5-7300HQ CPU @ 2.50GHz, 8077MB
NVIDIA GeForce GTX 1050

2020-05-19, 04:31:11
Lee : DESKTOP-4BKK0A5 (b27c4fa10c08507368dc297e12a04293187ed125)
Windows 10  (10.0.0) 64bit
4 Intel(R) Core(TM) i5-7300HQ CPU @ 2.50GHz, 8077MB
NVIDIA GeForce GTX 1050

2020-05-19, 04:32:45
Lee : DESKTOP-4BKK0A5 (b27c4fa10c08507368dc297e12a04293187ed125)
Windows 10  (10.0.0) 64bit
4 Intel(R) Core(TM) i5-7300HQ CPU @ 2.50GHz, 8077MB
NVIDIA GeForce GTX 1050

2020-05-19, 04:34:35
Lee : DESKTOP-4BKK0A5 (b27c4fa10c08507368dc297e12a04293187ed125)
Windows 10  (10.0.0) 64bit
4 Intel(R) Core(TM) i5-7300HQ CPU @ 2.50GHz, 8077MB
NVIDIA GeForce GTX 1050

2020-05-19, 04:35:38
Lee : DESKTOP-4BKK0A5 (b27c4fa10c08507368dc297e12a04293187ed125)
Windows 10  (10.0.0) 64bit
4 Intel(R) Core(TM) i5-7300HQ CPU @ 2.50GHz, 8077MB
NVIDIA GeForce GTX 1050

2020-05-19, 04:41:25
Lee : DESKTOP-4BKK0A5 (b27c4fa10c08507368dc297e12a04293187ed125)
Windows 10  (10.0.0) 64bit
4 Intel(R) Core(TM) i5-7300HQ CPU @ 2.50GHz, 8077MB
NVIDIA GeForce GTX 1050

2020-05-19, 04:41:58
Lee : DESKTOP-4BKK0A5 (b27c4fa10c08507368dc297e12a04293187ed125)
Windows 10  (10.0.0) 64bit
4 Intel(R) Core(TM) i5-7300HQ CPU @ 2.50GHz, 8077MB
NVIDIA GeForce GTX 1050

2020-05-19, 04:42:53
Lee : DESKTOP-4BKK0A5 (b27c4fa10c08507368dc297e12a04293187ed125)
Windows 10  (10.0.0) 64bit
4 Intel(R) Core(TM) i5-7300HQ CPU @ 2.50GHz, 8077MB
NVIDIA GeForce GTX 1050

2020-05-19, 04:43:05
Lee : DESKTOP-4BKK0A5 (b27c4fa10c08507368dc297e12a04293187ed125)
Windows 10  (10.0.0) 64bit
4 Intel(R) Core(TM) i5-7300HQ CPU @ 2.50GHz, 8077MB
NVIDIA GeForce GTX 1050

2020-05-19, 04:43:17
Lee : DESKTOP-4BKK0A5 (b27c4fa10c08507368dc297e12a04293187ed125)
Windows 10  (10.0.0) 64bit
4 Intel(R) Core(TM) i5-7300HQ CPU @ 2.50GHz, 8077MB
NVIDIA GeForce GTX 1050

2020-05-19, 04:43:28
Lee : DESKTOP-4BKK0A5 (b27c4fa10c08507368dc297e12a04293187ed125)
Windows 10  (10.0.0) 64bit
4 Intel(R) Core(TM) i5-7300HQ CPU @ 2.50GHz, 8077MB
NVIDIA GeForce GTX 1050

2020-05-19, 04:43:42
Lee : DESKTOP-4BKK0A5 (b27c4fa10c08507368dc297e12a04293187ed125)
Windows 10  (10.0.0) 64bit
4 Intel(R) Core(TM) i5-7300HQ CPU @ 2.50GHz, 8077MB
NVIDIA GeForce GTX 1050

2020-05-19, 04:44:00
Lee : DESKTOP-4BKK0A5 (b27c4fa10c08507368dc297e12a04293187ed125)
Windows 10  (10.0.0) 64bit
4 Intel(R) Core(TM) i5-7300HQ CPU @ 2.50GHz, 8077MB
NVIDIA GeForce GTX 1050

2020-05-19, 04:44:36
Lee : DESKTOP-4BKK0A5 (b27c4fa10c08507368dc297e12a04293187ed125)
Windows 10  (10.0.0) 64bit
4 Intel(R) Core(TM) i5-7300HQ CPU @ 2.50GHz, 8077MB
NVIDIA GeForce GTX 1050

2020-05-19, 04:47:34
Lee : DESKTOP-4BKK0A5 (b27c4fa10c08507368dc297e12a04293187ed125)
Windows 10  (10.0.0) 64bit
4 Intel(R) Core(TM) i5-7300HQ CPU @ 2.50GHz, 8077MB
NVIDIA GeForce GTX 1050

2020-05-19, 04:58:32
Lee : DESKTOP-4BKK0A5 (b27c4fa10c08507368dc297e12a04293187ed125)
Windows 10  (10.0.0) 64bit
4 Intel(R) Core(TM) i5-7300HQ CPU @ 2.50GHz, 8077MB
NVIDIA GeForce GTX 1050

2020-05-19, 04:59:19
Lee : DESKTOP-4BKK0A5 (b27c4fa10c08507368dc297e12a04293187ed125)
Windows 10  (10.0.0) 64bit
4 Intel(R) Core(TM) i5-7300HQ CPU @ 2.50GHz, 8077MB
NVIDIA GeForce GTX 1050

2020-05-19, 05:01:09
Lee : DESKTOP-4BKK0A5 (b27c4fa10c08507368dc297e12a04293187ed125)
Windows 10  (10.0.0) 64bit
4 Intel(R) Core(TM) i5-7300HQ CPU @ 2.50GHz, 8077MB
NVIDIA GeForce GTX 1050

2020-05-19, 05:09:21
Lee : DESKTOP-4BKK0A5 (b27c4fa10c08507368dc297e12a04293187ed125)
Windows 10  (10.0.0) 64bit
4 Intel(R) Core(TM) i5-7300HQ CPU @ 2.50GHz, 8077MB
NVIDIA GeForce GTX 1050

2020-05-19, 05:11:02
Lee : DESKTOP-4BKK0A5 (b27c4fa10c08507368dc297e12a04293187ed125)
Windows 10  (10.0.0) 64bit
4 Intel(R) Core(TM) i5-7300HQ CPU @ 2.50GHz, 8077MB
NVIDIA GeForce GTX 1050

2020-05-19, 05:11:48
Lee : DESKTOP-4BKK0A5 (b27c4fa10c08507368dc297e12a04293187ed125)
Windows 10  (10.0.0) 64bit
4 Intel(R) Core(TM) i5-7300HQ CPU @ 2.50GHz, 8077MB
NVIDIA GeForce GTX 1050

2020-05-19, 05:13:44
Lee : DESKTOP-4BKK0A5 (b27c4fa10c08507368dc297e12a04293187ed125)
Windows 10  (10.0.0) 64bit
4 Intel(R) Core(TM) i5-7300HQ CPU @ 2.50GHz, 8077MB
NVIDIA GeForce GTX 1050

2020-05-19, 05:14:14
Lee : DESKTOP-4BKK0A5 (b27c4fa10c08507368dc297e12a04293187ed125)
Windows 10  (10.0.0) 64bit
4 Intel(R) Core(TM) i5-7300HQ CPU @ 2.50GHz, 8077MB
NVIDIA GeForce GTX 1050

2020-05-19, 05:14:33
Lee : DESKTOP-4BKK0A5 (b27c4fa10c08507368dc297e12a04293187ed125)
Windows 10  (10.0.0) 64bit
4 Intel(R) Core(TM) i5-7300HQ CPU @ 2.50GHz, 8077MB
NVIDIA GeForce GTX 1050

2020-05-19, 05:15:39
Lee : DESKTOP-4BKK0A5 (b27c4fa10c08507368dc297e12a04293187ed125)
Windows 10  (10.0.0) 64bit
4 Intel(R) Core(TM) i5-7300HQ CPU @ 2.50GHz, 8077MB
NVIDIA GeForce GTX 1050

2020-05-19, 05:16:18
Lee : DESKTOP-4BKK0A5 (b27c4fa10c08507368dc297e12a04293187ed125)
Windows 10  (10.0.0) 64bit
4 Intel(R) Core(TM) i5-7300HQ CPU @ 2.50GHz, 8077MB
NVIDIA GeForce GTX 1050

2020-05-19, 05:16:28
Lee : DESKTOP-4BKK0A5 (b27c4fa10c08507368dc297e12a04293187ed125)
Windows 10  (10.0.0) 64bit
4 Intel(R) Core(TM) i5-7300HQ CPU @ 2.50GHz, 8077MB
NVIDIA GeForce GTX 1050

2020-05-19, 05:16:58
Lee : DESKTOP-4BKK0A5 (b27c4fa10c08507368dc297e12a04293187ed125)
Windows 10  (10.0.0) 64bit
4 Intel(R) Core(TM) i5-7300HQ CPU @ 2.50GHz, 8077MB
NVIDIA GeForce GTX 1050

2020-05-19, 05:17:34
Lee : DESKTOP-4BKK0A5 (b27c4fa10c08507368dc297e12a04293187ed125)
Windows 10  (10.0.0) 64bit
4 Intel(R) Core(TM) i5-7300HQ CPU @ 2.50GHz, 8077MB
NVIDIA GeForce GTX 1050

2020-05-19, 05:18:00
Lee : DESKTOP-4BKK0A5 (b27c4fa10c08507368dc297e12a04293187ed125)
Windows 10  (10.0.0) 64bit
4 Intel(R) Core(TM) i5-7300HQ CPU @ 2.50GHz, 8077MB
NVIDIA GeForce GTX 1050

2020-05-19, 05:19:11
Lee : DESKTOP-4BKK0A5 (b27c4fa10c08507368dc297e12a04293187ed125)
Windows 10  (10.0.0) 64bit
4 Intel(R) Core(TM) i5-7300HQ CPU @ 2.50GHz, 8077MB
NVIDIA GeForce GTX 1050

2020-05-19, 05:19:43
Lee : DESKTOP-4BKK0A5 (b27c4fa10c08507368dc297e12a04293187ed125)
Windows 10  (10.0.0) 64bit
4 Intel(R) Core(TM) i5-7300HQ CPU @ 2.50GHz, 8077MB
NVIDIA GeForce GTX 1050

2020-05-19, 05:37:29
Lee : DESKTOP-4BKK0A5 (b27c4fa10c08507368dc297e12a04293187ed125)
Windows 10  (10.0.0) 64bit
4 Intel(R) Core(TM) i5-7300HQ CPU @ 2.50GHz, 8077MB
NVIDIA GeForce GTX 1050

2020-05-19, 05:39:59
Lee : DESKTOP-4BKK0A5 (b27c4fa10c08507368dc297e12a04293187ed125)
Windows 10  (10.0.0) 64bit
4 Intel(R) Core(TM) i5-7300HQ CPU @ 2.50GHz, 8077MB
NVIDIA GeForce GTX 1050

2020-05-19, 05:40:36
Lee : DESKTOP-4BKK0A5 (b27c4fa10c08507368dc297e12a04293187ed125)
Windows 10  (10.0.0) 64bit
4 Intel(R) Core(TM) i5-7300HQ CPU @ 2.50GHz, 8077MB
NVIDIA GeForce GTX 1050

2020-05-19, 05:42:08
Lee : DESKTOP-4BKK0A5 (b27c4fa10c08507368dc297e12a04293187ed125)
Windows 10  (10.0.0) 64bit
4 Intel(R) Core(TM) i5-7300HQ CPU @ 2.50GHz, 8077MB
NVIDIA GeForce GTX 1050

2020-05-19, 05:43:33
Lee : DESKTOP-4BKK0A5 (b27c4fa10c08507368dc297e12a04293187ed125)
Windows 10  (10.0.0) 64bit
4 Intel(R) Core(TM) i5-7300HQ CPU @ 2.50GHz, 8077MB
NVIDIA GeForce GTX 1050

2020-05-19, 05:53:39
Lee : DESKTOP-4BKK0A5 (b27c4fa10c08507368dc297e12a04293187ed125)
Windows 10  (10.0.0) 64bit
4 Intel(R) Core(TM) i5-7300HQ CPU @ 2.50GHz, 8077MB
NVIDIA GeForce GTX 1050

2020-05-19, 05:55:40
Lee : DESKTOP-4BKK0A5 (b27c4fa10c08507368dc297e12a04293187ed125)
Windows 10  (10.0.0) 64bit
4 Intel(R) Core(TM) i5-7300HQ CPU @ 2.50GHz, 8077MB
NVIDIA GeForce GTX 1050

2020-05-19, 05:58:41
Lee : DESKTOP-4BKK0A5 (b27c4fa10c08507368dc297e12a04293187ed125)
Windows 10  (10.0.0) 64bit
4 Intel(R) Core(TM) i5-7300HQ CPU @ 2.50GHz, 8077MB
NVIDIA GeForce GTX 1050

2020-05-19, 06:07:09
Lee : DESKTOP-4BKK0A5 (b27c4fa10c08507368dc297e12a04293187ed125)
Windows 10  (10.0.0) 64bit
4 Intel(R) Core(TM) i5-7300HQ CPU @ 2.50GHz, 8077MB
NVIDIA GeForce GTX 1050

2020-05-19, 06:23:17
Lee : DESKTOP-4BKK0A5 (b27c4fa10c08507368dc297e12a04293187ed125)
Windows 10  (10.0.0) 64bit
4 Intel(R) Core(TM) i5-7300HQ CPU @ 2.50GHz, 8077MB
NVIDIA GeForce GTX 1050

2020-05-19, 06:44:04
Lee : DESKTOP-4BKK0A5 (b27c4fa10c08507368dc297e12a04293187ed125)
Windows 10  (10.0.0) 64bit
4 Intel(R) Core(TM) i5-7300HQ CPU @ 2.50GHz, 8077MB
NVIDIA GeForce GTX 1050

2020-05-19, 06:45:32
Lee : DESKTOP-4BKK0A5 (b27c4fa10c08507368dc297e12a04293187ed125)
Windows 10  (10.0.0) 64bit
4 Intel(R) Core(TM) i5-7300HQ CPU @ 2.50GHz, 8077MB
NVIDIA GeForce GTX 1050

2020-05-19, 06:46:03
Lee : DESKTOP-4BKK0A5 (b27c4fa10c08507368dc297e12a04293187ed125)
Windows 10  (10.0.0) 64bit
4 Intel(R) Core(TM) i5-7300HQ CPU @ 2.50GHz, 8077MB
NVIDIA GeForce GTX 1050

2020-05-19, 06:49:16
Lee : DESKTOP-4BKK0A5 (b27c4fa10c08507368dc297e12a04293187ed125)
Windows 10  (10.0.0) 64bit
4 Intel(R) Core(TM) i5-7300HQ CPU @ 2.50GHz, 8077MB
NVIDIA GeForce GTX 1050

2020-05-19, 06:51:14
Lee : DESKTOP-4BKK0A5 (b27c4fa10c08507368dc297e12a04293187ed125)
Windows 10  (10.0.0) 64bit
4 Intel(R) Core(TM) i5-7300HQ CPU @ 2.50GHz, 8077MB
NVIDIA GeForce GTX 1050

2020-05-19, 06:56:07
Lee : DESKTOP-4BKK0A5 (b27c4fa10c08507368dc297e12a04293187ed125)
Windows 10  (10.0.0) 64bit
4 Intel(R) Core(TM) i5-7300HQ CPU @ 2.50GHz, 8077MB
NVIDIA GeForce GTX 1050

2020-05-19, 06:56:17
Lee : DESKTOP-4BKK0A5 (b27c4fa10c08507368dc297e12a04293187ed125)
Windows 10  (10.0.0) 64bit
4 Intel(R) Core(TM) i5-7300HQ CPU @ 2.50GHz, 8077MB
NVIDIA GeForce GTX 1050

2020-05-19, 07:01:29
Lee : DESKTOP-4BKK0A5 (b27c4fa10c08507368dc297e12a04293187ed125)
Windows 10  (10.0.0) 64bit
4 Intel(R) Core(TM) i5-7300HQ CPU @ 2.50GHz, 8077MB
NVIDIA GeForce GTX 1050

2020-05-19, 07:03:44
Lee : DESKTOP-4BKK0A5 (b27c4fa10c08507368dc297e12a04293187ed125)
Windows 10  (10.0.0) 64bit
4 Intel(R) Core(TM) i5-7300HQ CPU @ 2.50GHz, 8077MB
NVIDIA GeForce GTX 1050

2020-05-19, 07:03:59
Lee : DESKTOP-4BKK0A5 (b27c4fa10c08507368dc297e12a04293187ed125)
Windows 10  (10.0.0) 64bit
4 Intel(R) Core(TM) i5-7300HQ CPU @ 2.50GHz, 8077MB
NVIDIA GeForce GTX 1050

2020-05-19, 07:05:04
Lee : DESKTOP-4BKK0A5 (b27c4fa10c08507368dc297e12a04293187ed125)
Windows 10  (10.0.0) 64bit
4 Intel(R) Core(TM) i5-7300HQ CPU @ 2.50GHz, 8077MB
NVIDIA GeForce GTX 1050

2020-05-19, 07:05:29
Lee : DESKTOP-4BKK0A5 (b27c4fa10c08507368dc297e12a04293187ed125)
Windows 10  (10.0.0) 64bit
4 Intel(R) Core(TM) i5-7300HQ CPU @ 2.50GHz, 8077MB
NVIDIA GeForce GTX 1050

2020-05-19, 07:05:53
Lee : DESKTOP-4BKK0A5 (b27c4fa10c08507368dc297e12a04293187ed125)
Windows 10  (10.0.0) 64bit
4 Intel(R) Core(TM) i5-7300HQ CPU @ 2.50GHz, 8077MB
NVIDIA GeForce GTX 1050

2020-05-19, 07:07:38
Lee : DESKTOP-4BKK0A5 (b27c4fa10c08507368dc297e12a04293187ed125)
Windows 10  (10.0.0) 64bit
4 Intel(R) Core(TM) i5-7300HQ CPU @ 2.50GHz, 8077MB
NVIDIA GeForce GTX 1050

2020-05-19, 07:09:16
Lee : DESKTOP-4BKK0A5 (b27c4fa10c08507368dc297e12a04293187ed125)
Windows 10  (10.0.0) 64bit
4 Intel(R) Core(TM) i5-7300HQ CPU @ 2.50GHz, 8077MB
NVIDIA GeForce GTX 1050

2020-05-19, 07:09:53
Lee : DESKTOP-4BKK0A5 (b27c4fa10c08507368dc297e12a04293187ed125)
Windows 10  (10.0.0) 64bit
4 Intel(R) Core(TM) i5-7300HQ CPU @ 2.50GHz, 8077MB
NVIDIA GeForce GTX 1050

2020-05-19, 07:10:58
Lee : DESKTOP-4BKK0A5 (b27c4fa10c08507368dc297e12a04293187ed125)
Windows 10  (10.0.0) 64bit
4 Intel(R) Core(TM) i5-7300HQ CPU @ 2.50GHz, 8077MB
NVIDIA GeForce GTX 1050

2020-05-19, 07:27:14
Lee : DESKTOP-4BKK0A5 (b27c4fa10c08507368dc297e12a04293187ed125)
Windows 10  (10.0.0) 64bit
4 Intel(R) Core(TM) i5-7300HQ CPU @ 2.50GHz, 8077MB
NVIDIA GeForce GTX 1050

2020-05-19, 07:36:26
Lee : DESKTOP-4BKK0A5 (b27c4fa10c08507368dc297e12a04293187ed125)
Windows 10  (10.0.0) 64bit
4 Intel(R) Core(TM) i5-7300HQ CPU @ 2.50GHz, 8077MB
NVIDIA GeForce GTX 1050

2020-05-19, 07:37:17
Lee : DESKTOP-4BKK0A5 (b27c4fa10c08507368dc297e12a04293187ed125)
Windows 10  (10.0.0) 64bit
4 Intel(R) Core(TM) i5-7300HQ CPU @ 2.50GHz, 8077MB
NVIDIA GeForce GTX 1050

2020-05-19, 07:38:42
Lee : DESKTOP-4BKK0A5 (b27c4fa10c08507368dc297e12a04293187ed125)
Windows 10  (10.0.0) 64bit
4 Intel(R) Core(TM) i5-7300HQ CPU @ 2.50GHz, 8077MB
NVIDIA GeForce GTX 1050

2020-05-19, 07:40:12
Lee : DESKTOP-4BKK0A5 (b27c4fa10c08507368dc297e12a04293187ed125)
Windows 10  (10.0.0) 64bit
4 Intel(R) Core(TM) i5-7300HQ CPU @ 2.50GHz, 8077MB
NVIDIA GeForce GTX 1050

2020-05-19, 07:40:57
Lee : DESKTOP-4BKK0A5 (b27c4fa10c08507368dc297e12a04293187ed125)
Windows 10  (10.0.0) 64bit
4 Intel(R) Core(TM) i5-7300HQ CPU @ 2.50GHz, 8077MB
NVIDIA GeForce GTX 1050

2020-05-19, 07:41:40
Lee : DESKTOP-4BKK0A5 (b27c4fa10c08507368dc297e12a04293187ed125)
Windows 10  (10.0.0) 64bit
4 Intel(R) Core(TM) i5-7300HQ CPU @ 2.50GHz, 8077MB
NVIDIA GeForce GTX 1050

2020-05-19, 07:42:30
Lee : DESKTOP-4BKK0A5 (b27c4fa10c08507368dc297e12a04293187ed125)
Windows 10  (10.0.0) 64bit
4 Intel(R) Core(TM) i5-7300HQ CPU @ 2.50GHz, 8077MB
NVIDIA GeForce GTX 1050

2020-05-19, 07:43:17
Lee : DESKTOP-4BKK0A5 (b27c4fa10c08507368dc297e12a04293187ed125)
Windows 10  (10.0.0) 64bit
4 Intel(R) Core(TM) i5-7300HQ CPU @ 2.50GHz, 8077MB
NVIDIA GeForce GTX 1050

2020-05-19, 07:43:35
Lee : DESKTOP-4BKK0A5 (b27c4fa10c08507368dc297e12a04293187ed125)
Windows 10  (10.0.0) 64bit
4 Intel(R) Core(TM) i5-7300HQ CPU @ 2.50GHz, 8077MB
NVIDIA GeForce GTX 1050

2020-05-19, 07:44:19
Lee : DESKTOP-4BKK0A5 (b27c4fa10c08507368dc297e12a04293187ed125)
Windows 10  (10.0.0) 64bit
4 Intel(R) Core(TM) i5-7300HQ CPU @ 2.50GHz, 8077MB
NVIDIA GeForce GTX 1050

2020-05-19, 07:45:24
Lee : DESKTOP-4BKK0A5 (b27c4fa10c08507368dc297e12a04293187ed125)
Windows 10  (10.0.0) 64bit
4 Intel(R) Core(TM) i5-7300HQ CPU @ 2.50GHz, 8077MB
NVIDIA GeForce GTX 1050

2020-05-19, 07:46:24
Lee : DESKTOP-4BKK0A5 (b27c4fa10c08507368dc297e12a04293187ed125)
Windows 10  (10.0.0) 64bit
4 Intel(R) Core(TM) i5-7300HQ CPU @ 2.50GHz, 8077MB
NVIDIA GeForce GTX 1050

2020-05-19, 07:46:38
Lee : DESKTOP-4BKK0A5 (b27c4fa10c08507368dc297e12a04293187ed125)
Windows 10  (10.0.0) 64bit
4 Intel(R) Core(TM) i5-7300HQ CPU @ 2.50GHz, 8077MB
NVIDIA GeForce GTX 1050

2020-05-19, 07:47:13
Lee : DESKTOP-4BKK0A5 (b27c4fa10c08507368dc297e12a04293187ed125)
Windows 10  (10.0.0) 64bit
4 Intel(R) Core(TM) i5-7300HQ CPU @ 2.50GHz, 8077MB
NVIDIA GeForce GTX 1050

2020-05-19, 07:47:38
Lee : DESKTOP-4BKK0A5 (b27c4fa10c08507368dc297e12a04293187ed125)
Windows 10  (10.0.0) 64bit
4 Intel(R) Core(TM) i5-7300HQ CPU @ 2.50GHz, 8077MB
NVIDIA GeForce GTX 1050

2020-05-19, 07:47:50
Lee : DESKTOP-4BKK0A5 (b27c4fa10c08507368dc297e12a04293187ed125)
Windows 10  (10.0.0) 64bit
4 Intel(R) Core(TM) i5-7300HQ CPU @ 2.50GHz, 8077MB
NVIDIA GeForce GTX 1050

2020-05-19, 09:20:48
Lee : DESKTOP-4BKK0A5 (b27c4fa10c08507368dc297e12a04293187ed125)
Windows 10  (10.0.0) 64bit
4 Intel(R) Core(TM) i5-7300HQ CPU @ 2.50GHz, 8077MB
NVIDIA GeForce GTX 1050

2020-05-19, 09:20:55
Lee : DESKTOP-4BKK0A5 (b27c4fa10c08507368dc297e12a04293187ed125)
Windows 10  (10.0.0) 64bit
4 Intel(R) Core(TM) i5-7300HQ CPU @ 2.50GHz, 8077MB
NVIDIA GeForce GTX 1050

2020-05-19, 09:28:22
Lee : DESKTOP-4BKK0A5 (b27c4fa10c08507368dc297e12a04293187ed125)
Windows 10  (10.0.0) 64bit
4 Intel(R) Core(TM) i5-7300HQ CPU @ 2.50GHz, 8077MB
NVIDIA GeForce GTX 1050

2020-05-19, 09:29:07
Lee : DESKTOP-4BKK0A5 (b27c4fa10c08507368dc297e12a04293187ed125)
Windows 10  (10.0.0) 64bit
4 Intel(R) Core(TM) i5-7300HQ CPU @ 2.50GHz, 8077MB
NVIDIA GeForce GTX 1050

2020-05-19, 09:30:25
Lee : DESKTOP-4BKK0A5 (b27c4fa10c08507368dc297e12a04293187ed125)
Windows 10  (10.0.0) 64bit
4 Intel(R) Core(TM) i5-7300HQ CPU @ 2.50GHz, 8077MB
NVIDIA GeForce GTX 1050

2020-05-19, 09:30:50
Lee : DESKTOP-4BKK0A5 (b27c4fa10c08507368dc297e12a04293187ed125)
Windows 10  (10.0.0) 64bit
4 Intel(R) Core(TM) i5-7300HQ CPU @ 2.50GHz, 8077MB
NVIDIA GeForce GTX 1050

2020-05-19, 09:31:35
Lee : DESKTOP-4BKK0A5 (b27c4fa10c08507368dc297e12a04293187ed125)
Windows 10  (10.0.0) 64bit
4 Intel(R) Core(TM) i5-7300HQ CPU @ 2.50GHz, 8077MB
NVIDIA GeForce GTX 1050

2020-05-19, 09:36:24
Lee : DESKTOP-4BKK0A5 (b27c4fa10c08507368dc297e12a04293187ed125)
Windows 10  (10.0.0) 64bit
4 Intel(R) Core(TM) i5-7300HQ CPU @ 2.50GHz, 8077MB
NVIDIA GeForce GTX 1050

2020-05-19, 09:37:36
Lee : DESKTOP-4BKK0A5 (b27c4fa10c08507368dc297e12a04293187ed125)
Windows 10  (10.0.0) 64bit
4 Intel(R) Core(TM) i5-7300HQ CPU @ 2.50GHz, 8077MB
NVIDIA GeForce GTX 1050

2020-05-19, 09:38:13
Lee : DESKTOP-4BKK0A5 (b27c4fa10c08507368dc297e12a04293187ed125)
Windows 10  (10.0.0) 64bit
4 Intel(R) Core(TM) i5-7300HQ CPU @ 2.50GHz, 8077MB
NVIDIA GeForce GTX 1050

2020-05-19, 09:39:36
Lee : DESKTOP-4BKK0A5 (b27c4fa10c08507368dc297e12a04293187ed125)
Windows 10  (10.0.0) 64bit
4 Intel(R) Core(TM) i5-7300HQ CPU @ 2.50GHz, 8077MB
NVIDIA GeForce GTX 1050

2020-05-19, 09:41:09
Lee : DESKTOP-4BKK0A5 (b27c4fa10c08507368dc297e12a04293187ed125)
Windows 10  (10.0.0) 64bit
4 Intel(R) Core(TM) i5-7300HQ CPU @ 2.50GHz, 8077MB
NVIDIA GeForce GTX 1050

2020-05-19, 09:42:11
Lee : DESKTOP-4BKK0A5 (b27c4fa10c08507368dc297e12a04293187ed125)
Windows 10  (10.0.0) 64bit
4 Intel(R) Core(TM) i5-7300HQ CPU @ 2.50GHz, 8077MB
NVIDIA GeForce GTX 1050

2020-05-19, 09:42:48
Lee : DESKTOP-4BKK0A5 (b27c4fa10c08507368dc297e12a04293187ed125)
Windows 10  (10.0.0) 64bit
4 Intel(R) Core(TM) i5-7300HQ CPU @ 2.50GHz, 8077MB
NVIDIA GeForce GTX 1050

2020-05-19, 09:43:17
Lee : DESKTOP-4BKK0A5 (b27c4fa10c08507368dc297e12a04293187ed125)
Windows 10  (10.0.0) 64bit
4 Intel(R) Core(TM) i5-7300HQ CPU @ 2.50GHz, 8077MB
NVIDIA GeForce GTX 1050

2020-05-19, 09:44:15
Lee : DESKTOP-4BKK0A5 (b27c4fa10c08507368dc297e12a04293187ed125)
Windows 10  (10.0.0) 64bit
4 Intel(R) Core(TM) i5-7300HQ CPU @ 2.50GHz, 8077MB
NVIDIA GeForce GTX 1050

2020-05-19, 09:44:43
Lee : DESKTOP-4BKK0A5 (b27c4fa10c08507368dc297e12a04293187ed125)
Windows 10  (10.0.0) 64bit
4 Intel(R) Core(TM) i5-7300HQ CPU @ 2.50GHz, 8077MB
NVIDIA GeForce GTX 1050

2020-05-19, 09:45:12
Lee : DESKTOP-4BKK0A5 (b27c4fa10c08507368dc297e12a04293187ed125)
Windows 10  (10.0.0) 64bit
4 Intel(R) Core(TM) i5-7300HQ CPU @ 2.50GHz, 8077MB
NVIDIA GeForce GTX 1050

2020-05-19, 09:45:21
Lee : DESKTOP-4BKK0A5 (b27c4fa10c08507368dc297e12a04293187ed125)
Windows 10  (10.0.0) 64bit
4 Intel(R) Core(TM) i5-7300HQ CPU @ 2.50GHz, 8077MB
NVIDIA GeForce GTX 1050

2020-05-19, 09:46:42
Lee : DESKTOP-4BKK0A5 (b27c4fa10c08507368dc297e12a04293187ed125)
Windows 10  (10.0.0) 64bit
4 Intel(R) Core(TM) i5-7300HQ CPU @ 2.50GHz, 8077MB
NVIDIA GeForce GTX 1050

